Express server listening on 5001
Express server listening on 5001

--------------------Start---------------------

Executing (default): SELECT count(*) AS "count" FROM "Users" AS "User" WHERE ("User"."deletedAt" IS NULL AND "User"."username" = 'superadmin');

---------------------End----------------------


--------------------Start---------------------

Executing (default): SELECT "id", "username", "password", "firstName", "lastName", "createdBy", "updatedBy", "createdAt", "updatedAt", "deletedAt" FROM "Users" AS "User" WHERE ("User"."deletedAt" IS NULL AND "User"."username" = 'superadmin') LIMIT 10 OFFSET 0;

---------------------End----------------------


--------------------Start---------------------

Executing (default): INSERT INTO "LoginTokens" ("id","fkUserId","token","expiredAt","createdAt","updatedAt") VALUES (DEFAULT,$1,$2,$3,$4,$5) RETURNING "id","fkUserId","token","expiredAt","createdAt","updatedAt";

---------------------End----------------------


--------------------Start---------------------

Executing (default): SELECT "User".* FROM (SELECT "User"."id", "User"."username", "User"."firstName" FROM "Users" AS "User" WHERE ("User"."deletedAt" IS NULL) AND ( SELECT "fkUserId" FROM "LoginTokens" AS "LoginTokens" WHERE (("LoginTokens"."token" = 'd7df129plpzb0atq' AND "LoginTokens"."expiredAt" >= '2023-12-10 09:50:10.395 +00:00') AND "LoginTokens"."fkUserId" = "User"."id") LIMIT 1 ) IS NOT NULL LIMIT 1) AS "User" INNER JOIN "LoginTokens" AS "LoginTokens" ON "User"."id" = "LoginTokens"."fkUserId" AND "LoginTokens"."token" = 'd7df129plpzb0atq' AND "LoginTokens"."expiredAt" >= '2023-12-10 09:50:10.395 +00:00';

---------------------End----------------------


--------------------Start---------------------

Executing (default): SELECT "id" FROM "Users" AS "User" WHERE ("User"."deletedAt" IS NULL AND "User"."id" = 1);

---------------------End----------------------

[0mPOST /login [32m200[0m 203.145 ms - 143[0m
Express server listening on 5001
kkkk undefined
Express server listening on 5001
kkkk undefined
Express server listening on 5001
kkkk undefined
Express server listening on 5001
kkkk undefined
Express server listening on 5001
Express server listening on 5001
Express server listening on 5001
Express server listening on 5001
Express server listening on 5001
[0mOPTIONS /api/auth/login [32m204[0m 2.883 ms - -[0m
[0mOPTIONS /api/auth/login [32m204[0m 0.205 ms - -[0m
Express server listening on 5001
Express server listening on 5001
Express server listening on 5001
Express server listening on 5001
Express server listening on 5002
Express server listening on 5002
Express server listening on 5002
Express server listening on 5002
Express server listening on 5002
Express server listening on 5002
Express server listening on 5002
Express server listening on 5002
Express server listening on 5002
Express server listening on 5002
Express server listening on 5002
[0mGET / [33m404[0m 51.822 ms - -[0m
[0mGET / [33m404[0m 3.555 ms - -[0m
Express server listening on 5002
Express server listening on 5002
Express server listening on 5002
Express server listening on 5002
Express server listening on 5002
Express server listening on 5002
Express server listening on 5002
Express server listening on 5002
Express server listening on 5002
Express server listening on 5002
Express server listening on 5002
[0mGET / [33m404[0m 8.626 ms - -[0m
Express server listening on 5002
Express server listening on 5002
Express server listening on 5002
development
Express server listening on 5002
Express server listening on 5002
Express server listening on 5002
Express server listening on 5002
Express server listening on 5002
Express server listening on 5002
Express server listening on 5002
Express server listening on 5002
Express server listening on 5002
Express server listening on 5002
Express server listening on 5002
Express server listening on 5002
Express server listening on 5002
Express server listening on 5002
[0mGET / [33m404[0m 9.947 ms - -[0m
Express server listening on 5002
Express server listening on 5002
Express server listening on 5002
Express server listening on 5002
Express server listening on 5002
Express server listening on 5002
Express server listening on 5002
Express server listening on 5002
Express server listening on 5002
Express server listening on 5002
Express server listening on 5002
Express server listening on 5002
Express server listening on 5002
Express server listening on 5002
Express server listening on 5002
Express server listening on 5002
Express server listening on 5002
Express server listening on 5002
Express server listening on 5002
Express server listening on 5002
Express server listening on 5002
Express server listening on 5002
Express server listening on 5002
Express server listening on 5002
Express server listening on 5002
Express server listening on 5002
Express server listening on 5002
Express server listening on 5002
Express server listening on 5002
Express server listening on 5002
Express server listening on 5002
Express server listening on 5002
Express server listening on 5002
Express server listening on 5002
Express server listening on 5002
Express server listening on 5002
Express server listening on 5002
Express server listening on 5002
Express server listening on 5002
Express server listening on 5002
Express server listening on 5002
Express server listening on 5002
Express server listening on 5002
Express server listening on 5002
Express server listening on 5002
Express server listening on 5002
Express server listening on 5002
Express server listening on 5002
Express server listening on 5002
Express server listening on 5002
Express server listening on 5002
Express server listening on 5002
Express server listening on 5002
Express server listening on 5002
Express server listening on 5002
Express server listening on 5002
Express server listening on 5002
Express server listening on 5002
Express server listening on 5002
Express server listening on 5002
Express server listening on 5002
Express server listening on 5002
Express server listening on 5002
Express server listening on 5002
Express server listening on 5002
Express server listening on 5002
Express server listening on 5002
Express server listening on 5002
Express server listening on 5002
Express server listening on 5002
Express server listening on 5002
Express server listening on 5002
Express server listening on 5002
Express server listening on 5002
Express server listening on 5002
Express server listening on 5002
Express server listening on 5002
Express server listening on 5002
Express server listening on 5002
Express server listening on 5002
Express server listening on 5002
Express server listening on 5002
Express server listening on 5002
Express server listening on 5002
Express server listening on 5002
Express server listening on 5002
Express server listening on 5002
[0mGET / [33m404[0m 16.417 ms - -[0m
Express server listening on 5002
Express server listening on 5002
Express server listening on 5002
Express server listening on 5002
Express server listening on 5002
Express server listening on 5002
Express server listening on 5002
Express server listening on 5002
Express server listening on 5002
Express server listening on 5002
Express server listening on 5002
Express server listening on 5002
Express server listening on 5002
Express server listening on 5002
Express server listening on 5002
Express server listening on 5002
Express server listening on 5002
Express server listening on 5002
Express server listening on 5002
Express server listening on 5002
Express server listening on 5002
Express server listening on 5002
Express server listening on 5002
Express server listening on 5002
Express server listening on 5002
Express server listening on 5002
Express server listening on 5002
Express server listening on 5002
Express server listening on 5002
Express server listening on 5002
Express server listening on 5002
Express server listening on 5002
Express server listening on 5002
Express server listening on 5002
Express server listening on 5002
Express server listening on 5002
Express server listening on 5002
Express server listening on 5002
Express server listening on 5002
Express server listening on 5002
Express server listening on 5002
Express server listening on 5002
Express server listening on 5002
Express server listening on 5002
Express server listening on 5002
Express server listening on 5002
Express server listening on 5002
Express server listening on 5002
Express server listening on 5002
Express server listening on 5002
Express server listening on 5002
Express server listening on 5002
Express server listening on 5002
Express server listening on 5002
Express server listening on 5002
Express server listening on 5002
Express server listening on 5002
Express server listening on 5002
Express server listening on 5002
Express server listening on 5002
Express server listening on 5002
Express server listening on 5002
Express server listening on 5002
Express server listening on 5002
Express server listening on 5002
Express server listening on 5002
Express server listening on 5002
Express server listening on 5002
Express server listening on 5002
Express server listening on 5002
Express server listening on 5002
Express server listening on 5002
Express server listening on 5002
Express server listening on 5002
Express server listening on 5002
Express server listening on 5002
Express server listening on 5002
Express server listening on 5002
Express server listening on 5002
Express server listening on 5002
Express server listening on 5002
Express server listening on 5002
Express server listening on 5002
Express server listening on 5002
Express server listening on 5002
Express server listening on 5002
Express server listening on 5002
Express server listening on 5002
Express server listening on 5002
Express server listening on 5002
Express server listening on 5002
Express server listening on 5002
Express server listening on 5002
Express server listening on 5002
Express server listening on 5002
Express server listening on 5002
Express server listening on 5002
Express server listening on 5002
Express server listening on 5002
Express server listening on 5002
Express server listening on 5002
Express server listening on 5002
Express server listening on 5002
Express server listening on 5002
Express server listening on 5002
Express server listening on 5002
Express server listening on 5002
Express server listening on 5002
Express server listening on 5002
Express server listening on 5002
Express server listening on 5002
Express server listening on 5002
Express server listening on 5002
Express server listening on 5002
Express server listening on 5002
Express server listening on 5002
Express server listening on 5002
Express server listening on 5002
Express server listening on 5002
Express server listening on 5002
Express server listening on 5002
Express server listening on 5002
Express server listening on 5002
Express server listening on 5002
Express server listening on 5002
Express server listening on 5002
Express server listening on 5002
Express server listening on 5002
Express server listening on 5002
Express server listening on 5002
Express server listening on 5002
Express server listening on 5002
Express server listening on 5002
Express server listening on 5002
Express server listening on 5002
Express server listening on 5002
Express server listening on 5002
Express server listening on 5002
Express server listening on 5002
Express server listening on 5002
Express server listening on 5002
Express server listening on 5002
Express server listening on 5002
Express server listening on 5002
Express server listening on 5002
Express server listening on 5002
Express server listening on 5002
Express server listening on 5002
Express server listening on 5002
Express server listening on 5002
Express server listening on 5002
Express server listening on 5002
Express server listening on 5002
Express server listening on 5002
Express server listening on 5002
Express server listening on 5002
Express server listening on 5002
Express server listening on 5002
Express server listening on 5002
Express server listening on 5002
Express server listening on 5002
Express server listening on 5002
Express server listening on 5002
Express server listening on 5002
Express server listening on 5002
Express server listening on 5002
Express server listening on 5002
Express server listening on 5002
Express server listening on 5002
Express server listening on 5002
Express server listening on 5002
Express server listening on 5002
Express server listening on 5002
Express server listening on 5002
Express server listening on 5002
Express server listening on 5002
Express server listening on 5002
Express server listening on 5002
Express server listening on 5002
Express server listening on 5002
Express server listening on 5002
Express server listening on 5002
Express server listening on 5002
Express server listening on 5002
Express server listening on 5002
Express server listening on 5002
Express server listening on 5002
Express server listening on 5002
Express server listening on 5002
Express server listening on 5002
Express server listening on 5002
Express server listening on 5002
Express server listening on 5002
Express server listening on 5002
Express server listening on 5002
Express server listening on 5002
Express server listening on 5002
Express server listening on 5002
Express server listening on 5002
Express server listening on 5002
Express server listening on 5002
Express server listening on 5002
Express server listening on 5002
Express server listening on 5002
Express server listening on 5002
Express server listening on 5002
Express server listening on 5002
Express server listening on 5002
Express server listening on 5002
Express server listening on 5002
Express server listening on 5002
Express server listening on 5002
Express server listening on 5002
Express server listening on 5002
Express server listening on 5002
Express server listening on 5002
Express server listening on 5002
Express server listening on 5002
Express server listening on 5002
Express server listening on 5002
Express server listening on 5002
Express server listening on 5002
Express server listening on 5002
Express server listening on 5002
Express server listening on 5002
Express server listening on 5002
Express server listening on 5002
Express server listening on 5002
Express server listening on 5002
Express server listening on 5002
Express server listening on 5002
Express server listening on 5002
Express server listening on 5002
Express server listening on 5002
Express server listening on 5002
Express server listening on 5002
Express server listening on 5002
Express server listening on 5002
Express server listening on 5002
Express server listening on 5002
Express server listening on 5002
Express server listening on 5002
Express server listening on 5002
Express server listening on 5002
Express server listening on 5002
Express server listening on 5002
Express server listening on 5002
Express server listening on 5002
Express server listening on 5002
Express server listening on 5002
Express server listening on 5002
Express server listening on 5002
Express server listening on 5002
Express server listening on 5002
Express server listening on 5002
Express server listening on 5002
Express server listening on 5002
Express server listening on 5002
Express server listening on 5002
Express server listening on 5002
Express server listening on 5002
Express server listening on 5002
Express server listening on 5002
Express server listening on 5002
Express server listening on 5002
Express server listening on 5002
Express server listening on 5002
Express server listening on 5002
Express server listening on 5002
Express server listening on 5002
Express server listening on 5002
Express server listening on 5002
Express server listening on 5002
Express server listening on 5002
Express server listening on 5002
Express server listening on 5002
Express server listening on 5002
Express server listening on 5002
Express server listening on 5002
Express server listening on 5002
Express server listening on 5002
Express server listening on 5002
Express server listening on 5002
Express server listening on 5002
Express server listening on 5002
Express server listening on 5002
Express server listening on 5002
Express server listening on 5002
Express server listening on 5002
Express server listening on 5002
Express server listening on 5002
Express server listening on 5002
Express server listening on 5002
Express server listening on 5002
Express server listening on 5002
Express server listening on 5002
Express server listening on 5002
Express server listening on 5002
Express server listening on 5002
Express server listening on 5002
Express server listening on 5002
Express server listening on 5002
Express server listening on 5002
Express server listening on 5002
Express server listening on 5002
Express server listening on 5002
Express server listening on 5002
Express server listening on 5002
Express server listening on 5002
Express server listening on 5002
Express server listening on 5002
Express server listening on 5002
Express server listening on 5002
Express server listening on 5002
Express server listening on 5002
Express server listening on 5002
Express server listening on 5002
Express server listening on 5002
Express server listening on 5002
Express server listening on 5002
Express server listening on 5002
Express server listening on 5002
Express server listening on 5002
Express server listening on 5002
Express server listening on 5002
Express server listening on 5002
Express server listening on 5002
Express server listening on 5002
Express server listening on 5002
Express server listening on 5002
Express server listening on 5002
Express server listening on 5002
Express server listening on 5002
Express server listening on 5002
Express server listening on 5002
Express server listening on 5002
Express server listening on 5002
Express server listening on 5002
Express server listening on 5002
Express server listening on 5002
Express server listening on 5002
Express server listening on 5002
Express server listening on 5002
Express server listening on 5002
Express server listening on 5002
